[0.109s] Invoking command in '/home/pc/round_bot_ws/src/round_bot/build/round_bot': CMAKE_PREFIX_PATH=${CMAKE_PREFIX_PATH}:/opt/ros/humble /usr/bin/cmake --build /home/pc/round_bot_ws/src/round_bot/build/round_bot -- -j16 -l16
[0.136s] -- Found ament_cmake: 1.3.8 (/opt/ros/humble/share/ament_cmake/cmake)
[0.304s] -- Found ament_lint_auto: 0.12.10 (/opt/ros/humble/share/ament_lint_auto/cmake)
[0.397s] -- Added test 'cppcheck' to perform static code analysis on C / C++ code
[0.397s] -- Configured cppcheck include dirs: 
[0.397s] -- Configured cppcheck exclude dirs and/or files: 
[0.397s] -- Added test 'flake8' to check Python code syntax and style conventions
[0.399s] -- Added test 'lint_cmake' to check CMake code style
[0.399s] -- Added test 'pep257' to check Python code against some of the docstring style conventions in PEP 257
[0.407s] -- Added test 'uncrustify' to check C / C++ code style
[0.407s] -- Configured uncrustify additional arguments: 
[0.408s] -- Added test 'xmllint' to check XML markup files
[0.421s] -- Configuring done
[0.425s] -- Generating done
[0.428s] -- Build files have been written to: /home/pc/round_bot_ws/src/round_bot/build/round_bot
[0.453s] Invoked command in '/home/pc/round_bot_ws/src/round_bot/build/round_bot' returned '0': CMAKE_PREFIX_PATH=${CMAKE_PREFIX_PATH}:/opt/ros/humble /usr/bin/cmake --build /home/pc/round_bot_ws/src/round_bot/build/round_bot -- -j16 -l16
[0.491s] Invoking command in '/home/pc/round_bot_ws/src/round_bot/build/round_bot': CMAKE_PREFIX_PATH=${CMAKE_PREFIX_PATH}:/opt/ros/humble /usr/bin/cmake --install /home/pc/round_bot_ws/src/round_bot/build/round_bot
[0.499s] -- Install configuration: ""
[0.499s] -- Up-to-date: /home/pc/round_bot_ws/src/round_bot/install/round_bot/share/ament_index/resource_index/package_run_dependencies/round_bot
[0.500s] -- Installing: /home/pc/round_bot_ws/src/round_bot/install/round_bot/share/ament_index/resource_index/parent_prefix_path/round_bot
[0.500s] -- Up-to-date: /home/pc/round_bot_ws/src/round_bot/install/round_bot/share/round_bot/environment/ament_prefix_path.sh
[0.500s] -- Installing: /home/pc/round_bot_ws/src/round_bot/install/round_bot/share/round_bot/environment/ament_prefix_path.dsv
[0.500s] -- Up-to-date: /home/pc/round_bot_ws/src/round_bot/install/round_bot/share/round_bot/environment/path.sh
[0.500s] -- Installing: /home/pc/round_bot_ws/src/round_bot/install/round_bot/share/round_bot/environment/path.dsv
[0.500s] -- Up-to-date: /home/pc/round_bot_ws/src/round_bot/install/round_bot/share/round_bot/local_setup.bash
[0.500s] -- Up-to-date: /home/pc/round_bot_ws/src/round_bot/install/round_bot/share/round_bot/local_setup.sh
[0.500s] -- Up-to-date: /home/pc/round_bot_ws/src/round_bot/install/round_bot/share/round_bot/local_setup.zsh
[0.500s] -- Installing: /home/pc/round_bot_ws/src/round_bot/install/round_bot/share/round_bot/local_setup.dsv
[0.500s] -- Installing: /home/pc/round_bot_ws/src/round_bot/install/round_bot/share/round_bot/package.dsv
[0.501s] -- Up-to-date: /home/pc/round_bot_ws/src/round_bot/install/round_bot/share/ament_index/resource_index/packages/round_bot
[0.501s] -- Up-to-date: /home/pc/round_bot_ws/src/round_bot/install/round_bot/share/round_bot/cmake/round_botConfig.cmake
[0.501s] -- Up-to-date: /home/pc/round_bot_ws/src/round_bot/install/round_bot/share/round_bot/cmake/round_botConfig-version.cmake
[0.501s] -- Installing: /home/pc/round_bot_ws/src/round_bot/install/round_bot/share/round_bot/package.xml
[0.505s] Invoked command in '/home/pc/round_bot_ws/src/round_bot/build/round_bot' returned '0': CMAKE_PREFIX_PATH=${CMAKE_PREFIX_PATH}:/opt/ros/humble /usr/bin/cmake --install /home/pc/round_bot_ws/src/round_bot/build/round_bot
