[0.869s] DEBUG:colcon:Command line arguments: ['/usr/bin/colcon', 'build']
[0.869s] DEBUG:colcon:Parsed command line arguments: Namespace(log_base=None, log_level=None, verb_name='build', build_base='build', install_base='install', merge_install=False, symlink_install=False, test_result_base=None, continue_on_error=False, executor='parallel', parallel_workers=16, event_handlers=None, ignore_user_meta=False, metas=['./colcon.meta'], base_paths=['.'], packages_ignore=None, packages_ignore_regex=None, paths=None, packages_up_to=None, packages_up_to_regex=None, packages_above=None, packages_above_and_dependencies=None, packages_above_depth=None, packages_select_by_dep=None, packages_skip_by_dep=None, packages_skip_up_to=None, packages_select_build_failed=False, packages_skip_build_finished=False, packages_select_test_failures=False, packages_skip_test_passed=False, packages_select=None, packages_skip=None, packages_select_regex=None, packages_skip_regex=None, packages_start=None, packages_end=None, allow_overriding=[], cmake_args=None, cmake_target=None, cmake_target_skip_unavailable=False, cmake_clean_cache=False, cmake_clean_first=False, cmake_force_configure=False, ament_cmake_args=None, catkin_cmake_args=None, catkin_skip_building_tests=False, verb_parser=<colcon_defaults.argument_parser.defaults.DefaultArgumentsDecorator object at 0x7fa3cec93af0>, verb_extension=<colcon_core.verb.build.BuildVerb object at 0x7fa3cec90b50>, main=<bound method BuildVerb.main of <colcon_core.verb.build.BuildVerb object at 0x7fa3cec90b50>>)
[0.908s] Level 1:colcon.colcon_core.package_discovery:discover_packages(colcon_meta) check parameters
[0.908s] Level 1:colcon.colcon_core.package_discovery:discover_packages(recursive) check parameters
[0.908s] Level 1:colcon.colcon_core.package_discovery:discover_packages(ignore) check parameters
[0.908s] Level 1:colcon.colcon_core.package_discovery:discover_packages(path) check parameters
[0.908s] Level 1:colcon.colcon_core.package_discovery:discover_packages(colcon_meta) discover
[0.908s] Level 1:colcon.colcon_core.package_discovery:discover_packages(recursive) discover
[0.908s] INFO:colcon.colcon_core.package_discovery:Crawling recursively for packages in '/home/pc/round_bot_ws/src/round_bot'
[0.909s] Level 1:colcon.colcon_core.package_identification:_identify(.) by extensions ['ignore', 'ignore_ament_install']
[0.909s] Level 1:colcon.colcon_core.package_identification:_identify(.) by extension 'ignore'
[0.909s] Level 1:colcon.colcon_core.package_identification:_identify(.) by extension 'ignore_ament_install'
[0.909s] Level 1:colcon.colcon_core.package_identification:_identify(.) by extensions ['colcon_pkg']
[0.909s] Level 1:colcon.colcon_core.package_identification:_identify(.) by extension 'colcon_pkg'
[0.909s] Level 1:colcon.colcon_core.package_identification:_identify(.) by extensions ['colcon_meta']
[0.909s] Level 1:colcon.colcon_core.package_identification:_identify(.) by extension 'colcon_meta'
[0.909s] Level 1:colcon.colcon_core.package_identification:_identify(.) by extensions ['ros']
[0.909s] Level 1:colcon.colcon_core.package_identification:_identify(.) by extension 'ros'
[0.923s] DEBUG:colcon.colcon_core.package_identification:Package '.' with type 'ros.ament_cmake' and name 'round_bot'
[0.923s] Level 1:colcon.colcon_core.package_discovery:discover_packages(recursive) using defaults
[0.924s] Level 1:colcon.colcon_core.package_discovery:discover_packages(ignore) discover
[0.924s] Level 1:colcon.colcon_core.package_discovery:discover_packages(ignore) using defaults
[0.924s] Level 1:colcon.colcon_core.package_discovery:discover_packages(path) discover
[0.924s] Level 1:colcon.colcon_core.package_discovery:discover_packages(path) using defaults
[0.999s] Level 1:colcon.colcon_core.package_discovery:discover_packages(prefix_path) check parameters
[0.999s] Level 1:colcon.colcon_core.package_discovery:discover_packages(prefix_path) discover
[1.023s] DEBUG:colcon.colcon_installed_package_information.package_discovery:Found 1 installed packages in /home/pc/round_bot_ws/install
[1.051s] DEBUG:colcon.colcon_installed_package_information.package_discovery:Found 420 installed packages in /opt/ros/humble
[1.052s] Level 1:colcon.colcon_core.package_discovery:discover_packages(prefix_path) using defaults
[1.144s] Level 5:colcon.colcon_core.verb:set package 'round_bot' build argument 'cmake_args' from command line to 'None'
[1.144s] Level 5:colcon.colcon_core.verb:set package 'round_bot' build argument 'cmake_target' from command line to 'None'
[1.144s] Level 5:colcon.colcon_core.verb:set package 'round_bot' build argument 'cmake_target_skip_unavailable' from command line to 'False'
[1.144s] Level 5:colcon.colcon_core.verb:set package 'round_bot' build argument 'cmake_clean_cache' from command line to 'False'
[1.144s] Level 5:colcon.colcon_core.verb:set package 'round_bot' build argument 'cmake_clean_first' from command line to 'False'
[1.144s] Level 5:colcon.colcon_core.verb:set package 'round_bot' build argument 'cmake_force_configure' from command line to 'False'
[1.144s] Level 5:colcon.colcon_core.verb:set package 'round_bot' build argument 'ament_cmake_args' from command line to 'None'
[1.144s] Level 5:colcon.colcon_core.verb:set package 'round_bot' build argument 'catkin_cmake_args' from command line to 'None'
[1.144s] Level 5:colcon.colcon_core.verb:set package 'round_bot' build argument 'catkin_skip_building_tests' from command line to 'False'
[1.145s] DEBUG:colcon.colcon_core.verb:Building package 'round_bot' with the following arguments: {'ament_cmake_args': None, 'build_base': '/home/pc/round_bot_ws/src/round_bot/build/round_bot', 'catkin_cmake_args': None, 'catkin_skip_building_tests': False, 'cmake_args': None, 'cmake_clean_cache': False, 'cmake_clean_first': False, 'cmake_force_configure': False, 'cmake_target': None, 'cmake_target_skip_unavailable': False, 'install_base': '/home/pc/round_bot_ws/src/round_bot/install/round_bot', 'merge_install': False, 'path': '/home/pc/round_bot_ws/src/round_bot', 'symlink_install': False, 'test_result_base': None}
[1.155s] INFO:colcon.colcon_core.executor:Executing jobs using 'parallel' executor
[1.168s] DEBUG:colcon.colcon_parallel_executor.executor.parallel:run_until_complete
[1.168s] INFO:colcon.colcon_ros.task.ament_cmake.build:Building ROS package in '/home/pc/round_bot_ws/src/round_bot' with build type 'ament_cmake'
[1.168s] INFO:colcon.colcon_cmake.task.cmake.build:Building CMake package in '/home/pc/round_bot_ws/src/round_bot'
[1.182s] INFO:colcon.colcon_core.plugin_system:Skipping extension 'colcon_core.shell.bat': Not used on non-Windows systems
[1.182s] INFO:colcon.colcon_core.shell:Skip shell extension 'powershell' for command environment: Not usable outside of PowerShell
[1.182s] DEBUG:colcon.colcon_core.shell:Skip shell extension 'dsv' for command environment
[1.229s] DEBUG:colcon.colcon_core.event_handler.log_command:Invoking command in '/home/pc/round_bot_ws/src/round_bot/build/round_bot': CMAKE_PREFIX_PATH=${CMAKE_PREFIX_PATH}:/opt/ros/humble /usr/bin/cmake /home/pc/round_bot_ws/src/round_bot -DCMAKE_INSTALL_PREFIX=/home/pc/round_bot_ws/src/round_bot/install/round_bot
[1.880s] DEBUG:colcon.colcon_core.event_handler.log_command:Invoked command in '/home/pc/round_bot_ws/src/round_bot/build/round_bot' returned '0': CMAKE_PREFIX_PATH=${CMAKE_PREFIX_PATH}:/opt/ros/humble /usr/bin/cmake /home/pc/round_bot_ws/src/round_bot -DCMAKE_INSTALL_PREFIX=/home/pc/round_bot_ws/src/round_bot/install/round_bot
[1.881s] DEBUG:colcon.colcon_core.event_handler.log_command:Invoking command in '/home/pc/round_bot_ws/src/round_bot/build/round_bot': CMAKE_PREFIX_PATH=${CMAKE_PREFIX_PATH}:/opt/ros/humble /usr/bin/cmake --build /home/pc/round_bot_ws/src/round_bot/build/round_bot -- -j16 -l16
[1.930s] DEBUG:colcon.colcon_core.event_handler.log_command:Invoked command in '/home/pc/round_bot_ws/src/round_bot/build/round_bot' returned '0': CMAKE_PREFIX_PATH=${CMAKE_PREFIX_PATH}:/opt/ros/humble /usr/bin/cmake --build /home/pc/round_bot_ws/src/round_bot/build/round_bot -- -j16 -l16
[1.973s] DEBUG:colcon.colcon_core.event_handler.log_command:Invoking command in '/home/pc/round_bot_ws/src/round_bot/build/round_bot': CMAKE_PREFIX_PATH=${CMAKE_PREFIX_PATH}:/opt/ros/humble /usr/bin/cmake --install /home/pc/round_bot_ws/src/round_bot/build/round_bot
[1.989s] Level 1:colcon.colcon_core.environment:create_environment_scripts_only(round_bot)
[1.990s] DEBUG:colcon.colcon_core.event_handler.log_command:Invoked command in '/home/pc/round_bot_ws/src/round_bot/build/round_bot' returned '0': CMAKE_PREFIX_PATH=${CMAKE_PREFIX_PATH}:/opt/ros/humble /usr/bin/cmake --install /home/pc/round_bot_ws/src/round_bot/build/round_bot
[2.013s] Level 1:colcon.colcon_core.environment:checking '/home/pc/round_bot_ws/src/round_bot/install/round_bot' for CMake module files
[2.014s] Level 1:colcon.colcon_core.environment:checking '/home/pc/round_bot_ws/src/round_bot/install/round_bot' for CMake config files
[2.014s] Level 1:colcon.colcon_core.shell:create_environment_hook('round_bot', 'cmake_prefix_path')
[2.033s] INFO:colcon.colcon_core.shell:Creating environment hook '/home/pc/round_bot_ws/src/round_bot/install/round_bot/share/round_bot/hook/cmake_prefix_path.ps1'
[2.033s] INFO:colcon.colcon_core.shell:Creating environment descriptor '/home/pc/round_bot_ws/src/round_bot/install/round_bot/share/round_bot/hook/cmake_prefix_path.dsv'
[2.034s] INFO:colcon.colcon_core.shell:Creating environment hook '/home/pc/round_bot_ws/src/round_bot/install/round_bot/share/round_bot/hook/cmake_prefix_path.sh'
[2.035s] Level 1:colcon.colcon_core.environment:checking '/home/pc/round_bot_ws/src/round_bot/install/round_bot/bin'
[2.035s] Level 1:colcon.colcon_core.environment:checking '/home/pc/round_bot_ws/src/round_bot/install/round_bot/lib/pkgconfig/round_bot.pc'
[2.035s] Level 1:colcon.colcon_core.environment:checking '/home/pc/round_bot_ws/src/round_bot/install/round_bot/lib/python3.10/site-packages'
[2.035s] Level 1:colcon.colcon_core.environment:checking '/home/pc/round_bot_ws/src/round_bot/install/round_bot/bin'
[2.048s] INFO:colcon.colcon_core.shell:Creating package script '/home/pc/round_bot_ws/src/round_bot/install/round_bot/share/round_bot/package.ps1'
[2.049s] INFO:colcon.colcon_core.shell:Creating package descriptor '/home/pc/round_bot_ws/src/round_bot/install/round_bot/share/round_bot/package.dsv'
[2.049s] INFO:colcon.colcon_core.shell:Creating package script '/home/pc/round_bot_ws/src/round_bot/install/round_bot/share/round_bot/package.sh'
[2.050s] INFO:colcon.colcon_core.shell:Creating package script '/home/pc/round_bot_ws/src/round_bot/install/round_bot/share/round_bot/package.bash'
[2.050s] INFO:colcon.colcon_core.shell:Creating package script '/home/pc/round_bot_ws/src/round_bot/install/round_bot/share/round_bot/package.zsh'
[2.051s] Level 1:colcon.colcon_core.environment:create_file_with_runtime_dependencies(/home/pc/round_bot_ws/src/round_bot/install/round_bot/share/colcon-core/packages/round_bot)
[2.083s] Level 1:colcon.colcon_core.environment:create_environment_scripts_only(round_bot)
[2.095s] Level 1:colcon.colcon_core.environment:checking '/home/pc/round_bot_ws/src/round_bot/install/round_bot' for CMake module files
[2.096s] Level 1:colcon.colcon_core.environment:checking '/home/pc/round_bot_ws/src/round_bot/install/round_bot' for CMake config files
[2.096s] Level 1:colcon.colcon_core.shell:create_environment_hook('round_bot', 'cmake_prefix_path')
[2.108s] INFO:colcon.colcon_core.shell:Creating environment hook '/home/pc/round_bot_ws/src/round_bot/install/round_bot/share/round_bot/hook/cmake_prefix_path.ps1'
[2.109s] INFO:colcon.colcon_core.shell:Creating environment descriptor '/home/pc/round_bot_ws/src/round_bot/install/round_bot/share/round_bot/hook/cmake_prefix_path.dsv'
[2.110s] INFO:colcon.colcon_core.shell:Creating environment hook '/home/pc/round_bot_ws/src/round_bot/install/round_bot/share/round_bot/hook/cmake_prefix_path.sh'
[2.110s] Level 1:colcon.colcon_core.environment:checking '/home/pc/round_bot_ws/src/round_bot/install/round_bot/bin'
[2.111s] Level 1:colcon.colcon_core.environment:checking '/home/pc/round_bot_ws/src/round_bot/install/round_bot/lib/pkgconfig/round_bot.pc'
[2.111s] Level 1:colcon.colcon_core.environment:checking '/home/pc/round_bot_ws/src/round_bot/install/round_bot/lib/python3.10/site-packages'
[2.111s] Level 1:colcon.colcon_core.environment:checking '/home/pc/round_bot_ws/src/round_bot/install/round_bot/bin'
[2.130s] INFO:colcon.colcon_core.shell:Creating package script '/home/pc/round_bot_ws/src/round_bot/install/round_bot/share/round_bot/package.ps1'
[2.131s] INFO:colcon.colcon_core.shell:Creating package descriptor '/home/pc/round_bot_ws/src/round_bot/install/round_bot/share/round_bot/package.dsv'
[2.132s] INFO:colcon.colcon_core.shell:Creating package script '/home/pc/round_bot_ws/src/round_bot/install/round_bot/share/round_bot/package.sh'
[2.132s] INFO:colcon.colcon_core.shell:Creating package script '/home/pc/round_bot_ws/src/round_bot/install/round_bot/share/round_bot/package.bash'
[2.133s] INFO:colcon.colcon_core.shell:Creating package script '/home/pc/round_bot_ws/src/round_bot/install/round_bot/share/round_bot/package.zsh'
[2.133s] Level 1:colcon.colcon_core.environment:create_file_with_runtime_dependencies(/home/pc/round_bot_ws/src/round_bot/install/round_bot/share/colcon-core/packages/round_bot)
[2.133s] DEBUG:colcon.colcon_parallel_executor.executor.parallel:closing loop
[2.134s] DEBUG:colcon.colcon_parallel_executor.executor.parallel:loop closed
[2.134s] DEBUG:colcon.colcon_parallel_executor.executor.parallel:run_until_complete finished with '0'
[2.134s] DEBUG:colcon.colcon_core.event_reactor:joining thread
[2.151s] INFO:colcon.colcon_core.plugin_system:Skipping extension 'colcon_notification.desktop_notification.terminal_notifier': Not used on non-Darwin systems
[2.151s] INFO:colcon.colcon_core.plugin_system:Skipping extension 'colcon_notification.desktop_notification.win32': Not used on non-Windows systems
[2.151s] INFO:colcon.colcon_notification.desktop_notification:Sending desktop notification using 'notify2'
[2.164s] DEBUG:colcon.colcon_core.event_reactor:joined thread
[2.176s] INFO:colcon.colcon_core.shell:Creating prefix script '/home/pc/round_bot_ws/src/round_bot/install/local_setup.ps1'
[2.178s] INFO:colcon.colcon_core.shell:Creating prefix util module '/home/pc/round_bot_ws/src/round_bot/install/_local_setup_util_ps1.py'
[2.180s] INFO:colcon.colcon_core.shell:Creating prefix chain script '/home/pc/round_bot_ws/src/round_bot/install/setup.ps1'
[2.193s] INFO:colcon.colcon_core.shell:Creating prefix script '/home/pc/round_bot_ws/src/round_bot/install/local_setup.sh'
[2.194s] INFO:colcon.colcon_core.shell:Creating prefix util module '/home/pc/round_bot_ws/src/round_bot/install/_local_setup_util_sh.py'
[2.194s] INFO:colcon.colcon_core.shell:Creating prefix chain script '/home/pc/round_bot_ws/src/round_bot/install/setup.sh'
[2.206s] INFO:colcon.colcon_core.shell:Creating prefix script '/home/pc/round_bot_ws/src/round_bot/install/local_setup.bash'
[2.207s] INFO:colcon.colcon_core.shell:Creating prefix chain script '/home/pc/round_bot_ws/src/round_bot/install/setup.bash'
[2.219s] INFO:colcon.colcon_core.shell:Creating prefix script '/home/pc/round_bot_ws/src/round_bot/install/local_setup.zsh'
[2.220s] INFO:colcon.colcon_core.shell:Creating prefix chain script '/home/pc/round_bot_ws/src/round_bot/install/setup.zsh'
