[0.059s] Invoking command in '/home/pc/round_bot_ws/src/round_bot/build/round_bot': CMAKE_PREFIX_PATH=${CMAKE_PREFIX_PATH}:/opt/ros/humble /usr/bin/cmake /home/pc/round_bot_ws/src/round_bot -DCMAKE_INSTALL_PREFIX=/home/pc/round_bot_ws/src/round_bot/install/round_bot
[0.113s] -- The C compiler identification is GNU 11.4.0
[0.169s] -- The CXX compiler identification is GNU 11.4.0
[0.178s] -- Detecting C compiler ABI info
[0.251s] -- Detecting C compiler ABI info - done
[0.260s] -- Check for working C compiler: /usr/bin/cc - skipped
[0.260s] -- Detecting C compile features
[0.260s] -- Detecting C compile features - done
[0.264s] -- Detecting CXX compiler ABI info
[0.352s] -- Detecting CXX compiler ABI info - done
[0.363s] -- Check for working CXX compiler: /usr/bin/c++ - skipped
[0.363s] -- Detecting CXX compile features
[0.363s] -- Detecting CXX compile features - done
[0.366s] -- Found ament_cmake: 1.3.8 (/opt/ros/humble/share/ament_cmake/cmake)
[0.519s] -- Found Python3: /usr/bin/python3 (found version "3.10.12") found components: Interpreter 
[0.610s] -- Found ament_lint_auto: 0.12.10 (/opt/ros/humble/share/ament_lint_auto/cmake)
[0.691s] -- Added test 'cppcheck' to perform static code analysis on C / C++ code
[0.691s] -- Configured cppcheck include dirs: 
[0.691s] -- Configured cppcheck exclude dirs and/or files: 
[0.692s] -- Added test 'flake8' to check Python code syntax and style conventions
[0.693s] -- Added test 'lint_cmake' to check CMake code style
[0.694s] -- Added test 'pep257' to check Python code against some of the docstring style conventions in PEP 257
[0.698s] -- Added test 'uncrustify' to check C / C++ code style
[0.698s] -- Configured uncrustify additional arguments: 
[0.699s] -- Added test 'xmllint' to check XML markup files
[0.702s] -- Configuring done
[0.704s] -- Generating done
[0.705s] -- Build files have been written to: /home/pc/round_bot_ws/src/round_bot/build/round_bot
[0.711s] Invoked command in '/home/pc/round_bot_ws/src/round_bot/build/round_bot' returned '0': CMAKE_PREFIX_PATH=${CMAKE_PREFIX_PATH}:/opt/ros/humble /usr/bin/cmake /home/pc/round_bot_ws/src/round_bot -DCMAKE_INSTALL_PREFIX=/home/pc/round_bot_ws/src/round_bot/install/round_bot
[0.712s] Invoking command in '/home/pc/round_bot_ws/src/round_bot/build/round_bot': CMAKE_PREFIX_PATH=${CMAKE_PREFIX_PATH}:/opt/ros/humble /usr/bin/cmake --build /home/pc/round_bot_ws/src/round_bot/build/round_bot -- -j16 -l16
[0.761s] Invoked command in '/home/pc/round_bot_ws/src/round_bot/build/round_bot' returned '0': CMAKE_PREFIX_PATH=${CMAKE_PREFIX_PATH}:/opt/ros/humble /usr/bin/cmake --build /home/pc/round_bot_ws/src/round_bot/build/round_bot -- -j16 -l16
[0.804s] Invoking command in '/home/pc/round_bot_ws/src/round_bot/build/round_bot': CMAKE_PREFIX_PATH=${CMAKE_PREFIX_PATH}:/opt/ros/humble /usr/bin/cmake --install /home/pc/round_bot_ws/src/round_bot/build/round_bot
[0.814s] -- Install configuration: ""
[0.815s] -- Installing: /home/pc/round_bot_ws/src/round_bot/install/round_bot/share/ament_index/resource_index/package_run_dependencies/round_bot
[0.815s] -- Installing: /home/pc/round_bot_ws/src/round_bot/install/round_bot/share/ament_index/resource_index/parent_prefix_path/round_bot
[0.815s] -- Installing: /home/pc/round_bot_ws/src/round_bot/install/round_bot/share/round_bot/environment/ament_prefix_path.sh
[0.815s] -- Installing: /home/pc/round_bot_ws/src/round_bot/install/round_bot/share/round_bot/environment/ament_prefix_path.dsv
[0.815s] -- Installing: /home/pc/round_bot_ws/src/round_bot/install/round_bot/share/round_bot/environment/path.sh
[0.816s] -- Installing: /home/pc/round_bot_ws/src/round_bot/install/round_bot/share/round_bot/environment/path.dsv
[0.816s] -- Installing: /home/pc/round_bot_ws/src/round_bot/install/round_bot/share/round_bot/local_setup.bash
[0.816s] -- Installing: /home/pc/round_bot_ws/src/round_bot/install/round_bot/share/round_bot/local_setup.sh
[0.816s] -- Installing: /home/pc/round_bot_ws/src/round_bot/install/round_bot/share/round_bot/local_setup.zsh
[0.816s] -- Installing: /home/pc/round_bot_ws/src/round_bot/install/round_bot/share/round_bot/local_setup.dsv
[0.816s] -- Installing: /home/pc/round_bot_ws/src/round_bot/install/round_bot/share/round_bot/package.dsv
[0.817s] -- Installing: /home/pc/round_bot_ws/src/round_bot/install/round_bot/share/ament_index/resource_index/packages/round_bot
[0.817s] -- Installing: /home/pc/round_bot_ws/src/round_bot/install/round_bot/share/round_bot/cmake/round_botConfig.cmake
[0.817s] -- Installing: /home/pc/round_bot_ws/src/round_bot/install/round_bot/share/round_bot/cmake/round_botConfig-version.cmake
[0.817s] -- Installing: /home/pc/round_bot_ws/src/round_bot/install/round_bot/share/round_bot/package.xml
[0.821s] Invoked command in '/home/pc/round_bot_ws/src/round_bot/build/round_bot' returned '0': CMAKE_PREFIX_PATH=${CMAKE_PREFIX_PATH}:/opt/ros/humble /usr/bin/cmake --install /home/pc/round_bot_ws/src/round_bot/build/round_bot
